
> safari-driver-issue@1.0.0 selenium /Users/pairing/sandbox/safari-driver-issue
> selenium-standalone install && selenium-standalone start

----------
selenium-standalone installation starting
----------

---
selenium install:
from: https://selenium-release.storage.googleapis.com/2.53/selenium-server-standalone-2.53.0.jar
to: /Users/pairing/sandbox/safari-driver-issue/node_modules/selenium-standalone/.selenium/selenium-server/2.53.0-server.jar
---
chrome install:
from: https://chromedriver.storage.googleapis.com/2.21/chromedriver_mac32.zip
to: /Users/pairing/sandbox/safari-driver-issue/node_modules/selenium-standalone/.selenium/chromedriver/2.21-x64-chromedriver
---
File from https://chromedriver.storage.googleapis.com/2.21/chromedriver_mac32.zip has already been downloaded
---
File from https://selenium-release.storage.googleapis.com/2.53/selenium-server-standalone-2.53.0.jar has already been downloaded


-----
selenium-standalone installation finished
-----
16:29:51.960 INFO - Launching a standalone Selenium Server
Setting system property webdriver.chrome.driver to /Users/pairing/sandbox/safari-driver-issue/node_modules/selenium-standalone/.selenium/chromedriver/2.21-x64-chromedriver
16:29:51.987 INFO - Java: Oracle Corporation 25.25-b02
16:29:51.988 INFO - OS: Mac OS X 10.10.5 x86_64
16:29:51.994 INFO - v2.53.0, with Core v2.53.0. Built from revision 35ae25b
16:29:52.045 INFO - Driver provider org.openqa.selenium.ie.InternetExplorerDriver registration is skipped:
registration capabilities Capabilities [{ensureCleanSession=true, browserName=internet explorer, version=, platform=WINDOWS}] does not match the current platform MAC
16:29:52.046 INFO - Driver provider org.openqa.selenium.edge.EdgeDriver registration is skipped:
registration capabilities Capabilities [{browserName=MicrosoftEdge, version=, platform=WINDOWS}] does not match the current platform MAC
16:29:52.046 INFO - Driver class not found: com.opera.core.systems.OperaDriver
16:29:52.046 INFO - Driver provider com.opera.core.systems.OperaDriver is not registered
16:29:52.047 INFO - Driver class not found: org.openqa.selenium.htmlunit.HtmlUnitDriver
16:29:52.047 INFO - Driver provider org.openqa.selenium.htmlunit.HtmlUnitDriver is not registered
16:29:52.101 INFO - RemoteWebDriver instances should connect to: http://127.0.0.1:4444/wd/hub
16:29:52.101 INFO - Selenium Server is up and running
Selenium started
16:30:14.977 INFO - Executing: [new session: Capabilities [{rotatable=true, locationContextEnabled=true, loggingPrefs=org.openqa.selenium.logging.LoggingPreferences@364e5387, browserName=safari, javascriptEnabled=true, handlesAlerts=true, requestOrigins={name=webdriverio, version=4.0.7, url=http://webdriver.io}}]])
16:30:14.985 INFO - Creating a new session for Capabilities [{rotatable=true, locationContextEnabled=true, loggingPrefs=org.openqa.selenium.logging.LoggingPreferences@364e5387, browserName=safari, javascriptEnabled=true, handlesAlerts=true, requestOrigins={name=webdriverio, version=4.0.7, url=http://webdriver.io}}]
16:30:15.038 INFO - Server started on port 23646
16:30:15.045 INFO - Launching Safari
16:30:15.053 INFO - Waiting for SafariDriver to connect
16:30:25.053 INFO - Shutting down
16:30:25.053 INFO - Stopping Safari
16:30:25.105 INFO - Stopping server
16:30:25.105 INFO - Stopping server
16:30:25.111 INFO - Shutdown complete
16:30:25.112 INFO - Shutting down
16:30:25.112 INFO - Stopping server
16:30:25.112 INFO - Shutdown complete
16:30:25.113 WARN - Exception thrown
java.util.concurrent.ExecutionException: org.openqa.selenium.WebDriverException: java.lang.reflect.InvocationTargetException
Build info: version: '2.53.0', revision: '35ae25b', time: '2016-03-15 17:00:58'
System info: host: 'denver-pair56', ip: '10.38.3.35', os.name: 'Mac OS X', os.arch: 'x86_64', os.version: '10.10.5', java.version: '1.8.0_25'
Driver info: driver.version: unknown
	at java.util.concurrent.FutureTask.report(FutureTask.java:122)
	at java.util.concurrent.FutureTask.get(FutureTask.java:192)
	at org.openqa.selenium.remote.server.DefaultSession.execute(DefaultSession.java:183)
	at org.openqa.selenium.remote.server.DefaultSession.<init>(DefaultSession.java:119)
	at org.openqa.selenium.remote.server.DefaultSession.createSession(DefaultSession.java:95)
	at org.openqa.selenium.remote.server.DefaultDriverSessions.newSession(DefaultDriverSessions.java:124)
	at org.openqa.selenium.remote.server.handler.NewSession.handle(NewSession.java:59)
	at org.openqa.selenium.remote.server.handler.NewSession.handle(NewSession.java:1)
	at org.openqa.selenium.remote.server.rest.ResultConfig.handle(ResultConfig.java:111)
	at org.openqa.selenium.remote.server.JsonHttpCommandHandler.handleRequest(JsonHttpCommandHandler.java:79)
	at org.openqa.selenium.remote.server.DriverServlet.handleRequest(DriverServlet.java:204)
	at org.openqa.selenium.remote.server.DriverServlet.doPost(DriverServlet.java:166)
	at javax.servlet.http.HttpServlet.service(HttpServlet.java:707)
	at org.openqa.selenium.remote.server.DriverServlet.service(DriverServlet.java:132)
	at javax.servlet.http.HttpServlet.service(HttpServlet.java:790)
	at org.openqa.jetty.jetty.servlet.ServletHolder.handle(ServletHolder.java:428)
	at org.openqa.jetty.jetty.servlet.ServletHandler.dispatch(ServletHandler.java:680)
	at org.openqa.jetty.jetty.servlet.ServletHandler.handle(ServletHandler.java:571)
	at org.openqa.jetty.http.HttpContext.handle(HttpContext.java:1526)
	at org.openqa.jetty.http.HttpContext.handle(HttpContext.java:1479)
	at org.openqa.jetty.http.HttpServer.service(HttpServer.java:920)
	at org.openqa.jetty.http.HttpConnection.service(HttpConnection.java:820)
	at org.openqa.jetty.http.HttpConnection.handleNext(HttpConnection.java:986)
	at org.openqa.jetty.http.HttpConnection.handle(HttpConnection.java:837)
	at org.openqa.jetty.http.SocketListener.handleConnection(SocketListener.java:243)
	at org.openqa.jetty.util.ThreadedServer.handle(ThreadedServer.java:358)
	at org.openqa.jetty.util.ThreadPool$PoolThread.run(ThreadPool.java:537)
Caused by: org.openqa.selenium.WebDriverException: java.lang.reflect.InvocationTargetException
Build info: version: '2.53.0', revision: '35ae25b', time: '2016-03-15 17:00:58'
System info: host: 'denver-pair56', ip: '10.38.3.35', os.name: 'Mac OS X', os.arch: 'x86_64', os.version: '10.10.5', java.version: '1.8.0_25'
Driver info: driver.version: unknown
	at org.openqa.selenium.remote.server.DefaultDriverProvider.callConstructor(DefaultDriverProvider.java:113)
	at org.openqa.selenium.remote.server.DefaultDriverProvider.newInstance(DefaultDriverProvider.java:97)
	at org.openqa.selenium.remote.server.DefaultDriverFactory.newInstance(DefaultDriverFactory.java:60)
	at org.openqa.selenium.remote.server.DefaultSession$BrowserCreator.call(DefaultSession.java:222)
	at org.openqa.selenium.remote.server.DefaultSession$BrowserCreator.call(DefaultSession.java:1)
	at java.util.concurrent.FutureTask.run(FutureTask.java:266)
	at org.openqa.selenium.remote.server.DefaultSession$1.run(DefaultSession.java:176)
	at java.util.concurrent.ThreadPoolExecutor.runWorker(ThreadPoolExecutor.java:1142)
	at java.util.concurrent.ThreadPoolExecutor$Worker.run(ThreadPoolExecutor.java:617)
	at java.lang.Thread.run(Thread.java:745)
Caused by: java.lang.reflect.InvocationTargetException
	at sun.reflect.NativeConstructorAccessorImpl.newInstance0(Native Method)
	at sun.reflect.NativeConstructorAccessorImpl.newInstance(NativeConstructorAccessorImpl.java:62)
	at sun.reflect.DelegatingConstructorAccessorImpl.newInstance(DelegatingConstructorAccessorImpl.java:45)
	at java.lang.reflect.Constructor.newInstance(Constructor.java:408)
	at org.openqa.selenium.remote.server.DefaultDriverProvider.callConstructor(DefaultDriverProvider.java:103)
	... 9 more
Caused by: org.openqa.selenium.remote.UnreachableBrowserException: Failed to connect to SafariDriver after 10058 ms
Build info: version: '2.53.0', revision: '35ae25b', time: '2016-03-15 17:00:58'
System info: host: 'denver-pair56', ip: '10.38.3.35', os.name: 'Mac OS X', os.arch: 'x86_64', os.version: '10.10.5', java.version: '1.8.0_25'
Driver info: driver.version: SafariDriver
	at org.openqa.selenium.safari.SafariDriverCommandExecutor.start(SafariDriverCommandExecutor.java:121)
	at org.openqa.selenium.safari.SafariDriver.startClient(SafariDriver.java:76)
	at org.openqa.selenium.remote.RemoteWebDriver.<init>(RemoteWebDriver.java:119)
	at org.openqa.selenium.remote.RemoteWebDriver.<init>(RemoteWebDriver.java:144)
	at org.openqa.selenium.safari.SafariDriver.<init>(SafariDriver.java:62)
	at org.openqa.selenium.safari.SafariDriver.<init>(SafariDriver.java:53)
	... 14 more
16:30:25.120 WARN - Exception: Failed to connect to SafariDriver after 10058 ms
Build info: version: '2.53.0', revision: '35ae25b', time: '2016-03-15 17:00:58'
System info: host: 'denver-pair56', ip: '10.38.3.35', os.name: 'Mac OS X', os.arch: 'x86_64', os.version: '10.10.5', java.version: '1.8.0_25'
Driver info: driver.version: SafariDriver
